1724719808479 : New Request Received
1724719808630 : New Request Received
1724719920539 : New Request Received
1724719920666 : New Request Received
1724719952383 : /about New Request Received
1724719952479 : /favicon.ico New Request Received
1724720215401 : /about New Request Received
1724720215546 : /favicon.ico New Request Received
1724720222905 : / New Request Received
1724720222974 : /favicon.ico New Request Received
1724720228533 : /ghbu New Request Received
1724720228679 : /favicon.ico New Request Received
1725125287428 : / New Request Received
1725125331078 : /about?a=3 New Request Received
1725125443229 : /about?a=3 New Request Received
1725125443389 : /favicon.ico New Request Received
1725125458724 : /about?a=3 New Request Received
1725125458845 : /favicon.ico New Request Received
1725125733767 : /about?a=3 New Request Received
1725125733925 : /favicon.ico New Request Received
1725125755355 : /search?a=3 New Request Received
1725125900088 : /search?username=vansh New Request Received
1725125940472 : /search?username=vansh New Request Received
1725126045967 : /search?username=vansh New Request Received
1725126123255 : /search?username=vansh New Request Received
1725126191923 : /search?username=vansh New Request Received
1725126356829 : /search?username=vansh New Request Received
1725126481687 : /search?name=vansh New Request Received
